<?xml version="1.0" encoding="UTF-8"?>
<testng-results ignored="0" total="2" passed="2" failed="0" skipped="0">
  <reporter-output>
  </reporter-output>
  <suite started-at="2025-02-12T11:27:01 IST" name="SauceDemo Test Suite" finished-at="2025-02-12T11:27:06 IST" duration-ms="4965">
    <groups>
    </groups>
    <test started-at="2025-02-12T11:27:01 IST" name="Login Tests" finished-at="2025-02-12T11:27:06 IST" duration-ms="4965">
      <class name="tests.LoginTest">
        <test-method is-config="true" signature="setupSuite()[pri:0, instance:tests.LoginTest@2ddc9a9f]" started-at="2025-02-12T11:27:00 IST" name="setupSuite" finished-at="2025-02-12T11:27:01 IST" duration-ms="1011" status="PASS">
          <reporter-output>
          </reporter-output>
        </test-method> <!-- setupSuite -->
        <test-method is-config="true" signature="setup()[pri:0, instance:tests.LoginTest@2ddc9a9f]" started-at="2025-02-12T11:27:01 IST" name="setup" finished-at="2025-02-12T11:27:02 IST" duration-ms="1753" status="PASS">
          <reporter-output>
          </reporter-output>
        </test-method> <!-- setup -->
        <test-method signature="testInvalidLogin(java.lang.String,java.lang.String)[pri:0, instance:tests.LoginTest@2ddc9a9f]" started-at="2025-02-12T11:27:02 IST" name="testInvalidLogin" finished-at="2025-02-12T11:27:04 IST" duration-ms="1785" status="PASS">
          <params>
            <param index="0">
              <value>
                <![CDATA[standard_Invaliduser]]>
              </value>
            </param>
            <param index="1">
              <value>
                <![CDATA[secret_Invalidpwd]]>
              </value>
            </param>
          </params>
          <reporter-output>
          </reporter-output>
        </test-method> <!-- testInvalidLogin -->
        <test-method signature="testValidLogin(java.lang.String,java.lang.String)[pri:0, instance:tests.LoginTest@2ddc9a9f]" started-at="2025-02-12T11:27:04 IST" name="testValidLogin" finished-at="2025-02-12T11:27:05 IST" duration-ms="1036" status="PASS">
          <params>
            <param index="0">
              <value>
                <![CDATA[standard_user]]>
              </value>
            </param>
            <param index="1">
              <value>
                <![CDATA[secret_sauce]]>
              </value>
            </param>
          </params>
          <reporter-output>
          </reporter-output>
        </test-method> <!-- testValidLogin -->
        <test-method is-config="true" signature="teardown()[pri:0, instance:tests.LoginTest@2ddc9a9f]" started-at="2025-02-12T11:27:05 IST" name="teardown" finished-at="2025-02-12T11:27:06 IST" duration-ms="327" status="PASS">
          <reporter-output>
          </reporter-output>
        </test-method> <!-- teardown -->
      </class> <!-- tests.LoginTest -->
    </test> <!-- Login Tests -->
  </suite> <!-- SauceDemo Test Suite -->
</testng-results>
